INFO:     Started server process [8369]
INFO:     Waiting for application startup.
INFO:apscheduler.scheduler:Adding job tentatively -- it will be properly scheduled when the scheduler starts
INFO:apscheduler.scheduler:Added job "市场新闻爬取" to job store "default"
INFO:apscheduler.scheduler:Scheduler started
INFO:scheduler:定时任务已启动，每 2 小时执行一次爬取
INFO:     Application startup complete.
INFO:apscheduler.scheduler:Scheduler has been shut down
INFO:scheduler:定时任务已停止
ERROR:    Traceback (most recent call last):
  File "/Users/cayron/Library/Python/3.9/lib/python/site-packages/uvicorn/_compat.py", line 53, in asyncio_run
    return loop.run_until_complete(main)
  File "/Library/Developer/CommandLineTools/Library/Frameworks/Python3.framework/Versions/3.9/lib/python3.9/asyncio/base_events.py", line 642, in run_until_complete
    return future.result()
  File "/Users/cayron/Library/Python/3.9/lib/python/site-packages/uvicorn/server.py", line 71, in serve
    await self._serve(sockets)
  File "/Users/cayron/Library/Python/3.9/lib/python/site-packages/uvicorn/server.py", line 86, in _serve
    await self.startup(sockets=sockets)
  File "/Users/cayron/Library/Python/3.9/lib/python/site-packages/uvicorn/server.py", line 153, in startup
    server = await loop.create_unix_server(
  File "/Library/Developer/CommandLineTools/Library/Frameworks/Python3.framework/Versions/3.9/lib/python3.9/asyncio/unix_events.py", line 296, in create_unix_server
    sock.bind(path)
PermissionError: [Errno 1] Operation not permitted

During handling of the above exception, another exception occurred:

Traceback (most recent call last):
  File "/Users/cayron/Library/Python/3.9/lib/python/site-packages/starlette/routing.py", line 701, in lifespan
    await receive()
  File "/Users/cayron/Library/Python/3.9/lib/python/site-packages/uvicorn/lifespan/on.py", line 137, in receive
    return await self.receive_queue.get()
  File "/Library/Developer/CommandLineTools/Library/Frameworks/Python3.framework/Versions/3.9/lib/python3.9/asyncio/queues.py", line 166, in get
    await getter
asyncio.exceptions.CancelledError

Traceback (most recent call last):
  File "/Library/Developer/CommandLineTools/Library/Frameworks/Python3.framework/Versions/3.9/lib/python3.9/runpy.py", line 197, in _run_module_as_main
    return _run_code(code, main_globals, None,
  File "/Library/Developer/CommandLineTools/Library/Frameworks/Python3.framework/Versions/3.9/lib/python3.9/runpy.py", line 87, in _run_code
    exec(code, run_globals)
  File "/Users/cayron/Library/Python/3.9/lib/python/site-packages/uvicorn/__main__.py", line 4, in <module>
    uvicorn.main()
  File "/Users/cayron/Library/Python/3.9/lib/python/site-packages/click/core.py", line 1161, in __call__
    return self.main(*args, **kwargs)
  File "/Users/cayron/Library/Python/3.9/lib/python/site-packages/click/core.py", line 1082, in main
    rv = self.invoke(ctx)
  File "/Users/cayron/Library/Python/3.9/lib/python/site-packages/click/core.py", line 1443, in invoke
    return ctx.invoke(self.callback, **ctx.params)
  File "/Users/cayron/Library/Python/3.9/lib/python/site-packages/click/core.py", line 788, in invoke
    return __callback(*args, **kwargs)
  File "/Users/cayron/Library/Python/3.9/lib/python/site-packages/uvicorn/main.py", line 423, in main
    run(
  File "/Users/cayron/Library/Python/3.9/lib/python/site-packages/uvicorn/main.py", line 593, in run
    server.run()
  File "/Users/cayron/Library/Python/3.9/lib/python/site-packages/uvicorn/server.py", line 67, in run
    return asyncio_run(self.serve(sockets=sockets), loop_factory=self.config.get_loop_factory())
  File "/Users/cayron/Library/Python/3.9/lib/python/site-packages/uvicorn/_compat.py", line 53, in asyncio_run
    return loop.run_until_complete(main)
  File "/Library/Developer/CommandLineTools/Library/Frameworks/Python3.framework/Versions/3.9/lib/python3.9/asyncio/base_events.py", line 642, in run_until_complete
    return future.result()
  File "/Users/cayron/Library/Python/3.9/lib/python/site-packages/uvicorn/server.py", line 71, in serve
    await self._serve(sockets)
  File "/Users/cayron/Library/Python/3.9/lib/python/site-packages/uvicorn/server.py", line 86, in _serve
    await self.startup(sockets=sockets)
  File "/Users/cayron/Library/Python/3.9/lib/python/site-packages/uvicorn/server.py", line 153, in startup
    server = await loop.create_unix_server(
  File "/Library/Developer/CommandLineTools/Library/Frameworks/Python3.framework/Versions/3.9/lib/python3.9/asyncio/unix_events.py", line 296, in create_unix_server
    sock.bind(path)
PermissionError: [Errno 1] Operation not permitted
